<?xml version="1.0" encoding="UTF-8"?>
<!-- Generated by org.testng.reporters.JUnitReportReporter -->
<testsuite hostname="DESKTOP-NPK11H1" failures="0" tests="1" name="com.OrangeHRM.Tests.LoginTest" time="27.290" errors="0" timestamp="2022-12-06T08:49:44 GMT" skipped="0">
  <testcase classname="com.OrangeHRM.Tests.LoginTest" name="loginTest" time="27.290"/>
  <system-out/>
</testsuite> <!-- com.OrangeHRM.Tests.LoginTest -->
