<?xml version="1.0" encoding="UTF-8"?>
<!-- Generated by org.testng.reporters.JUnitReportReporter -->
<testsuite hostname="LAPTOP-0A7BHQUS" failures="0" tests="1" name="com.OrangeHRM.Tests.LoginTest" time="12.628" errors="0" timestamp="2022-12-03T23:17:41 AST" skipped="0">
  <testcase classname="com.OrangeHRM.Tests.LoginTest" name="loginTest" time="12.628"/>
  <system-out/>
</testsuite> <!-- com.OrangeHRM.Tests.LoginTest -->
