<?xml version="1.0" encoding="UTF-8"?>
<!-- Generated by org.testng.reporters.JUnitReportReporter -->
<testsuite hostname="LAPTOP-0A7BHQUS" failures="0" tests="1" name="com.OrangeHRM.Tests.LoginTest" time="10.005" errors="0" timestamp="2022-12-04T20:53:45 AST" skipped="0">
  <testcase classname="com.OrangeHRM.Tests.LoginTest" name="loginTest" time="10.005"/>
  <system-out/>
</testsuite> <!-- com.OrangeHRM.Tests.LoginTest -->
