<?xml version="1.0" encoding="UTF-8"?>
<!-- Generated by org.testng.reporters.JUnitReportReporter -->
<testsuite hostname="DESKTOP-NPK11H1" failures="0" tests="3" name="com.OrangeHRM.PIMTests.AddEmployeeTest" time="67.071" errors="0" timestamp="2022-12-06T09:51:31 GMT" skipped="0">
  <testcase classname="com.OrangeHRM.PIMTests.AddEmployeeTest" name="addNewEmployee" time="17.806"/>
  <system-out/>
  <testcase classname="com.OrangeHRM.PIMTests.AddEmployeeTest" name="addNewEmployee" time="24.357"/>
  <system-out/>
  <testcase classname="com.OrangeHRM.PIMTests.AddEmployeeTest" name="addNewEmployee" time="24.908"/>
  <system-out/>
</testsuite> <!-- com.OrangeHRM.PIMTests.AddEmployeeTest -->
