<?xml version="1.0" encoding="UTF-8"?>
<!-- Generated by org.testng.reporters.JUnitReportReporter -->
<testsuite hostname="LAPTOP-0A7BHQUS" failures="0" tests="1" name="com.OrangeHRM.Tests.LoginTest" time="7.411" errors="0" timestamp="2022-11-15T23:20:00 AST" skipped="0">
  <testcase classname="com.OrangeHRM.Tests.LoginTest" name="loginTest" time="7.411"/>
  <system-out/>
</testsuite> <!-- com.OrangeHRM.Tests.LoginTest -->
