<?xml version="1.0" encoding="UTF-8"?>
<!-- Generated by org.testng.reporters.JUnitReportReporter -->
<testsuite hostname="LAPTOP-0A7BHQUS" failures="0" tests="1" name="com.OrangeHRM.Tests.LoginTest" time="8.856" errors="0" timestamp="2022-11-19T00:04:53 AST" skipped="0">
  <testcase classname="com.OrangeHRM.Tests.LoginTest" name="loginTest" time="8.856"/>
  <system-out/>
</testsuite> <!-- com.OrangeHRM.Tests.LoginTest -->
