<?xml version="1.0" encoding="UTF-8"?>
<!-- Generated by org.testng.reporters.JUnitReportReporter -->
<testsuite hostname="LAPTOP-0A7BHQUS" failures="0" tests="3" name="com.OrangeHRM.PIMTests.AddEmployeeTest" time="54.877" errors="0" timestamp="2022-11-19T00:24:55 AST" skipped="0">
  <testcase classname="com.OrangeHRM.PIMTests.AddEmployeeTest" name="addNewEmployee" time="17.706"/>
  <system-out/>
  <testcase classname="com.OrangeHRM.PIMTests.AddEmployeeTest" name="addNewEmployee" time="18.886"/>
  <system-out/>
  <testcase classname="com.OrangeHRM.PIMTests.AddEmployeeTest" name="addNewEmployee" time="18.285"/>
  <system-out/>
</testsuite> <!-- com.OrangeHRM.PIMTests.AddEmployeeTest -->
